<?xml version="1.0" encoding="UTF-8"?>
<!-- Generated by org.testng.reporters.JUnitXMLReporter -->
<testsuite ignored="4" hostname="DESKTOP-K59I2FI" failures="0" tests="3" name="Test2" time="173.314" errors="0" timestamp="2022-05-19T17:26:20 IST">
  <testcase classname="Com.vtiger.campagnsTest.CreateCampgainsTest" name="createCampaignTest" time="29.621"/>
  <testcase classname="Com.vtiger.documentTest.CreateDocumentFramesTest" name="createDocumentWithFrames" time="31.864"/>
  <testcase classname="Com.vtiger.organizationTest.CreateOrganizationTest" name="CreateOrganization" time="24.762"/>
  <testcase classname="Com.sdet34l1.genericUtilty.BaseClass" name="@BeforeSuite beforesuite1Test" time="0.0">
    <ignored/>
  </testcase> <!-- @BeforeSuite beforesuite1Test -->
  <testcase classname="Com.sdet34l1.genericUtilty.BaseClass" name="@BeforeSuite beforesuite1Test" time="0.0">
    <ignored/>
  </testcase> <!-- @BeforeSuite beforesuite1Test -->
  <testcase classname="Com.sdet34l1.genericUtilty.BaseClass" name="@AfterSuite afterSuite1Test" time="0.0">
    <ignored/>
  </testcase> <!-- @AfterSuite afterSuite1Test -->
  <testcase classname="Com.sdet34l1.genericUtilty.BaseClass" name="@AfterSuite afterSuite1Test" time="0.0">
    <ignored/>
  </testcase> <!-- @AfterSuite afterSuite1Test -->
</testsuite> <!-- Test2 -->
