<?xml version="1.0" encoding="UTF-8"?>
<!-- Generated by org.testng.reporters.JUnitXMLReporter -->
<testsuite ignored="5" hostname="DESKTOP-K59I2FI" failures="0" tests="2" name="Test1" time="156.654" errors="0" timestamp="2022-05-19T17:26:04 IST">
  <testcase classname="Com.vtiger.campagnsTest.CreateCampaignWithProductTest" name="createCampaignTest" time="65.565"/>
  <testcase classname="Com.vtiger.contactsTest.CreateContactsTest" name="crateContact" time="40.792"/>
  <testcase classname="Com.sdet34l1.genericUtilty.BaseClass" name="@BeforeSuite beforesuite1Test" time="0.0">
    <ignored/>
  </testcase> <!-- @BeforeSuite beforesuite1Test -->
  <testcase classname="Com.sdet34l1.genericUtilty.BaseClass" name="@BeforeSuite beforesuite1Test" time="0.0">
    <ignored/>
  </testcase> <!-- @BeforeSuite beforesuite1Test -->
  <testcase classname="Com.vtiger.contactsTest.CreateContactWithOrganization" name="createContactOrganization" time="0.0">
    <ignored/>
  </testcase> <!-- createContactOrganization -->
  <testcase classname="Com.sdet34l1.genericUtilty.BaseClass" name="@AfterSuite afterSuite1Test" time="0.0">
    <ignored/>
  </testcase> <!-- @AfterSuite afterSuite1Test -->
  <testcase classname="Com.sdet34l1.genericUtilty.BaseClass" name="@AfterSuite afterSuite1Test" time="0.0">
    <ignored/>
  </testcase> <!-- @AfterSuite afterSuite1Test -->
</testsuite> <!-- Test1 -->
