<?xml version="1.0" encoding="UTF-8"?>
<testng-results ignored="0" total="1" passed="1" failed="0" skipped="0">
  <reporter-output>
  </reporter-output>
  <suite started-at="2022-05-31T14:58:29 IST" name="Suite" finished-at="2022-05-31T15:00:13 IST" duration-ms="103860">
    <groups>
      <group name="sanity">
        <method signature="CreateCampgainsTest.createCampaignTest()[pri:0, instance:Com.vtiger.campagnsTest.CreateCampgainsTest@571c5681]" name="createCampaignTest" class="Com.vtiger.campagnsTest.CreateCampgainsTest"/>
      </group> <!-- sanity -->
    </groups>
    <test started-at="2022-05-31T14:58:29 IST" name="Test" finished-at="2022-05-31T15:00:13 IST" duration-ms="103860">
      <class name="Com.vtiger.campagnsTest.CreateCampgainsTest">
        <test-method is-config="true" signature="beforesuite1Test()[pri:0, instance:Com.vtiger.campagnsTest.CreateCampgainsTest@571c5681]" started-at="2022-05-31T14:58:27 IST" name="beforesuite1Test" finished-at="2022-05-31T14:58:29 IST" duration-ms="2295" status="PASS">
          <reporter-output>
          </reporter-output>
        </test-method> <!-- beforesuite1Test -->
        <test-method is-config="true" signature="beforeClass1Test()[pri:0, instance:Com.vtiger.campagnsTest.CreateCampgainsTest@571c5681]" started-at="2022-05-31T14:58:29 IST" name="beforeClass1Test" finished-at="2022-05-31T14:58:53 IST" duration-ms="23329" status="PASS">
          <reporter-output>
          </reporter-output>
        </test-method> <!-- beforeClass1Test -->
        <test-method is-config="true" signature="beforeMethod1Test()[pri:0, instance:Com.vtiger.campagnsTest.CreateCampgainsTest@571c5681]" started-at="2022-05-31T14:58:53 IST" name="beforeMethod1Test" finished-at="2022-05-31T14:59:20 IST" duration-ms="26984" status="PASS">
          <reporter-output>
          </reporter-output>
        </test-method> <!-- beforeMethod1Test -->
        <test-method signature="createCampaignTest()[pri:0, instance:Com.vtiger.campagnsTest.CreateCampgainsTest@571c5681]" started-at="2022-05-31T14:59:20 IST" name="createCampaignTest" finished-at="2022-05-31T15:00:05 IST" duration-ms="44950" status="PASS">
          <reporter-output>
          </reporter-output>
        </test-method> <!-- createCampaignTest -->
        <test-method is-config="true" signature="afterMethod1Test()[pri:0, instance:Com.vtiger.campagnsTest.CreateCampgainsTest@571c5681]" started-at="2022-05-31T15:00:05 IST" name="afterMethod1Test" finished-at="2022-05-31T15:00:12 IST" duration-ms="6722" status="PASS">
          <reporter-output>
          </reporter-output>
        </test-method> <!-- afterMethod1Test -->
        <test-method is-config="true" signature="afterClass1Test()[pri:0, instance:Com.vtiger.campagnsTest.CreateCampgainsTest@571c5681]" started-at="2022-05-31T15:00:12 IST" name="afterClass1Test" finished-at="2022-05-31T15:00:13 IST" duration-ms="1293" status="PASS">
          <reporter-output>
          </reporter-output>
        </test-method> <!-- afterClass1Test -->
        <test-method is-config="true" signature="afterSuite1Test()[pri:0, instance:Com.vtiger.campagnsTest.CreateCampgainsTest@571c5681]" started-at="2022-05-31T15:00:14 IST" name="afterSuite1Test" finished-at="2022-05-31T15:00:14 IST" duration-ms="1" status="PASS">
          <reporter-output>
          </reporter-output>
        </test-method> <!-- afterSuite1Test -->
      </class> <!-- Com.vtiger.campagnsTest.CreateCampgainsTest -->
    </test> <!-- Test -->
  </suite> <!-- Suite -->
</testng-results>
